<?xml version="1.0" encoding="UTF-8"?>
<!-- Generated by org.testng.reporters.JUnitReportReporter -->
<testsuite hostname="DESKTOP-2OIL50L" failures="0" tests="1" name="Q19AssignTestNG.Q19Payment" time="0.003" errors="0" timestamp="2023-09-27T17:19:37 IST" skipped="0">
  <testcase classname="Q19AssignTestNG.Q19Payment" name="COD" time="0.003"/>
</testsuite> <!-- Q19AssignTestNG.Q19Payment -->
