<?xml version="1.0" encoding="UTF-8"?>
<!-- Generated by org.testng.reporters.JUnitReportReporter -->
<testsuite hostname="DESKTOP-2OIL50L" failures="0" tests="1" name="Q18AssignTestNG.Q18" time="4.486" errors="0" timestamp="2023-09-27T17:18:08 IST" skipped="0">
  <testcase classname="Q18AssignTestNG.Q18" name="login" time="4.486"/>
</testsuite> <!-- Q18AssignTestNG.Q18 -->
