<?xml version="1.0" encoding="UTF-8"?>
<!-- Generated by org.testng.reporters.JUnitReportReporter -->
<testsuite hostname="DESKTOP-2OIL50L" failures="0" tests="1" name="AssignmentTestNG.Q16" time="0.218" errors="0" timestamp="2023-09-19T13:19:45 IST" skipped="0">
  <testcase classname="AssignmentTestNG.Q16" name="test" time="0.218"/>
</testsuite> <!-- AssignmentTestNG.Q16 -->
