<?xml version="1.0" encoding="UTF-8"?>
<!-- Generated by org.testng.reporters.JUnitReportReporter -->
<testsuite hostname="DESKTOP-2OIL50L" failures="0" tests="4" name="Eshop.User" time="0.012" errors="0" timestamp="2023-09-15T09:22:07 IST" skipped="0">
  <testcase classname="Eshop.User" name="register" time="0.002"/>
  <testcase classname="Eshop.User" name="logout" time="0.001"/>
  <testcase classname="Eshop.User" name="profile" time="0.001"/>
  <testcase classname="Eshop.User" name="login" time="0.008"/>
</testsuite> <!-- Eshop.User -->
