<?xml version="1.0" encoding="UTF-8"?>
<!-- Generated by org.testng.reporters.JUnitReportReporter -->
<testsuite hostname="DESKTOP-2OIL50L" failures="0" tests="4" name="TestNG.testng.P02_Priority" time="0.013" errors="0" timestamp="2023-09-15T09:06:52 IST" skipped="0">
  <testcase classname="TestNG.testng.P02_Priority" name="createAccount" time="0.008"/>
  <testcase classname="TestNG.testng.P02_Priority" name="login" time="0.002"/>
  <testcase classname="TestNG.testng.P02_Priority" name="logout" time="0.001"/>
  <testcase classname="TestNG.testng.P02_Priority" name="abc" time="0.002"/>
</testsuite> <!-- TestNG.testng.P02_Priority -->
