<?xml version="1.0" encoding="UTF-8"?>
<!-- Generated by org.testng.reporters.JUnitReportReporter -->
<testsuite hostname="DESKTOP-2OIL50L" failures="0" tests="1" name="Q16AssignTestNG.Q16" time="2.924" errors="0" timestamp="2023-09-28T18:29:45 IST" skipped="0">
  <testcase classname="Q16AssignTestNG.Q16" name="test" time="2.924"/>
</testsuite> <!-- Q16AssignTestNG.Q16 -->
