<?xml version="1.0" encoding="UTF-8"?>
<!-- Generated by org.testng.reporters.JUnitReportReporter -->
<testsuite hostname="DESKTOP-2OIL50L" failures="0" tests="2" name="Parameter.FBParametersLogin" time="0.441" errors="0" timestamp="2023-09-27T17:22:45 IST" skipped="0">
  <testcase classname="Parameter.FBParametersLogin" name="test" time="0.271"/>
  <testcase classname="Parameter.FBParametersLogin" name="test" time="0.170"/>
</testsuite> <!-- Parameter.FBParametersLogin -->
