<?xml version="1.0" encoding="UTF-8"?>
<!-- Generated by org.testng.reporters.JUnitReportReporter -->
<testsuite hostname="DESKTOP-2OIL50L" failures="0" tests="4" name="Eshop.Payment" time="0.006" errors="0" timestamp="2023-09-15T09:22:07 IST" skipped="0">
  <testcase classname="Eshop.Payment" name="UPI" time="0.002"/>
  <testcase classname="Eshop.Payment" name="DebitCard" time="0.001"/>
  <testcase classname="Eshop.Payment" name="COD" time="0.002"/>
  <testcase classname="Eshop.Payment" name="CreditCard" time="0.001"/>
</testsuite> <!-- Eshop.Payment -->
