<?xml version="1.0" encoding="UTF-8"?>
<!-- Generated by org.testng.reporters.JUnitReportReporter -->
<testsuite hostname="DESKTOP-2OIL50L" failures="0" tests="3" name="Q19AssignTestNG.Q19Order" time="0.012" errors="0" timestamp="2023-09-27T17:19:37 IST" skipped="0">
  <testcase classname="Q19AssignTestNG.Q19Order" name="Addtocart" time="0.008"/>
  <testcase classname="Q19AssignTestNG.Q19Order" name="searchorder" time="0.002"/>
  <testcase classname="Q19AssignTestNG.Q19Order" name="Viewcart" time="0.002"/>
</testsuite> <!-- Q19AssignTestNG.Q19Order -->
