<?xml version="1.0" encoding="UTF-8"?>
<!-- Generated by org.testng.reporters.JUnitReportReporter -->
<testsuite hostname="DESKTOP-2OIL50L" failures="0" tests="3" name="CrossBrowser.BrowserTest" time="10.921" errors="0" timestamp="2023-09-22T13:49:04 IST" skipped="0">
  <testcase classname="CrossBrowser.BrowserTest" name="test" time="2.659"/>
  <testcase classname="CrossBrowser.BrowserTest" name="test" time="4.327"/>
  <testcase classname="CrossBrowser.BrowserTest" name="test" time="3.935"/>
</testsuite> <!-- CrossBrowser.BrowserTest -->
