<?xml version="1.0" encoding="UTF-8"?>
<!-- Generated by org.testng.reporters.JUnitReportReporter -->
<testsuite hostname="DESKTOP-2OIL50L" failures="0" tests="4" name="TestNG.testng.P01_BasicTest" time="0.000" errors="0" timestamp="2023-09-15T11:04:21 IST" skipped="0">
  <testcase classname="TestNG.testng.P01_BasicTest" name="test4" time="0.000"/>
  <testcase classname="TestNG.testng.P01_BasicTest" name="test1" time="0.000"/>
  <testcase classname="TestNG.testng.P01_BasicTest" name="test3" time="0.000"/>
  <testcase classname="TestNG.testng.P01_BasicTest" name="test2" time="0.000"/>
</testsuite> <!-- TestNG.testng.P01_BasicTest -->
