<?xml version="1.0" encoding="UTF-8"?>
<!-- Generated by org.testng.reporters.JUnitReportReporter -->
<testsuite hostname="DESKTOP-2OIL50L" failures="0" tests="1" name="Q17AssignTestNG.Q17" time="0.256" errors="0" timestamp="2023-09-27T17:16:27 IST" skipped="0">
  <testcase classname="Q17AssignTestNG.Q17" name="logintest" time="0.256"/>
</testsuite> <!-- Q17AssignTestNG.Q17 -->
