<?xml version="1.0" encoding="UTF-8"?>
<!-- Generated by org.testng.reporters.JUnitReportReporter -->
<testsuite hostname="DESKTOP-2OIL50L" failures="0" tests="2" name="Group.Product" time="0.013" errors="0" timestamp="2023-09-19T11:59:34 IST" skipped="0">
  <testcase classname="Group.Product" name="addtocart" time="0.011"/>
  <testcase classname="Group.Product" name="searchProduct" time="0.002"/>
</testsuite> <!-- Group.Product -->
