<?xml version="1.0" encoding="UTF-8"?>
<!-- Generated by org.testng.reporters.JUnitReportReporter -->
<testsuite hostname="DESKTOP-2OIL50L" failures="0" tests="2" name="Q20AssignTestNG.Q20" time="0.507" errors="0" timestamp="2023-09-27T18:04:45 IST" skipped="0">
  <testcase classname="Q20AssignTestNG.Q20" name="test" time="0.274"/>
  <testcase classname="Q20AssignTestNG.Q20" name="test" time="0.233"/>
</testsuite> <!-- Q20AssignTestNG.Q20 -->
