<?xml version="1.0" encoding="UTF-8"?>
<!-- Generated by org.testng.reporters.JUnitReportReporter -->
<testsuite hostname="DESKTOP-2OIL50L" failures="0" tests="3" name="Eshop.Product" time="0.005" errors="0" timestamp="2023-09-15T09:22:07 IST" skipped="0">
  <testcase classname="Eshop.Product" name="addtowishlist" time="0.002"/>
  <testcase classname="Eshop.Product" name="addtocart" time="0.001"/>
  <testcase classname="Eshop.Product" name="searchProduct" time="0.002"/>
</testsuite> <!-- Eshop.Product -->
